<?xml version="1.0" ?>
<virtualizer>
	<id>SDN-domain1</id>
	<name>Not so dummy orchestrator controlled SDN domain</name>
	<nodes>
		<node>
			<id>0000000000000001</id>
			<name>SDN single BiSBiS node</name>
			<type>BiSBiS</type>
			<ports>
				<port>
					<id>4</id>
					<name>SAP14</name>
					<port_type>port-sap</port_type>
					<sap>SAP14</sap>
					<sap_data>
						<resources>
							<delay>1.5</delay>
							<bandwidth>100</bandwidth>
						</resources>
					</sap_data>
				</port>
				<port>
					<id>5</id>
					<name>SAP74</name>
					<port_type>port-sap</port_type>
					<sap>SAP74</sap>
				</port>
				<port>
					<id>6</id>
					<name>SAP54</name>
					<port_type>port-sap</port_type>
				</port>
				<port>
					<id>3</id>
					<name>SAP33</name>
					<port_type>port-sap</port_type>
					<sap>SAP33</sap>
				</port>
			</ports>
			<resources>
				<cpu>0</cpu>
				<mem>50721017856</mem>
				<storage>25010147328</storage>
			</resources>
			<capabilities>
				<supported_NFs>
					<node>
						<id>splitter</id>
						<name>splitter</name>
						<type>splitter</type>
						<ports>
							<port>
								<id>1</id>
								<name>input</name>
								<port_type>port-abstract</port_type>
							</port>
							<port>
								<id>2</id>
								<name>output1</name>
								<port_type>port-abstract</port_type>
							</port>
							<port>
								<id>3</id>
								<name>output2</name>
								<port_type>port-abstract</port_type>
							</port>
						</ports>
						<links>
							<link>
								<id>1</id>
								<name>1-2</name>
								<src>../../../ports/port[id=1]</src>
								<dst>../../../ports/port[id=2]</dst>
							</link>
							<link>
								<id>2</id>
								<name>1-3</name>
								<src>../../../ports/port[id=1]</src>
								<dst>../../../ports/port[id=3]</dst>
							</link>
						</links>
						<resources>
							<cpu>1.0</cpu>
							<mem>1.0</mem>
							<storage>0.0</storage>
						</resources>
					</node>
				</supported_NFs>
			</capabilities>
		</node>
	</nodes>
	<version>2016-02-24; compiled at 2016-03-18  19:56:13</version>
</virtualizer>
